Start testing: Mar 10 13:56 EDT
----------------------------------------------------------
1/1 Testing: ExampleTests
1/1 Test: ExampleTests
Command: "/Users/ianfanfair/C++/C-emblem/build/test/ExampleTests"
Directory: /Users/ianfanfair/C++/C-emblem/build/test
"ExampleTests" start time: Mar 10 13:56 EDT
Output:
----------------------------------------------------------
Running main() from /Users/ianfanfair/C++/C-emblem/googleTest/googletest/src/gtest_main.cc
[==========] Running 1 test from 1 test suite.
[----------] Global test environment set-up.
[----------] 1 test from ExampleTests
[ RUN      ] ExampleTests.DemonstrateGTestMacros
[       OK ] ExampleTests.DemonstrateGTestMacros (0 ms)
[----------] 1 test from ExampleTests (0 ms total)

[----------] Global test environment tear-down
[==========] 1 test from 1 test suite ran. (0 ms total)
[  PASSED  ] 1 test.
<end of output>
Test time =   0.01 sec
----------------------------------------------------------
Test Passed.
"ExampleTests" end time: Mar 10 13:56 EDT
"ExampleTests" time elapsed: 00:00:00
----------------------------------------------------------

End testing: Mar 10 13:56 EDT
