<?xml version="1.0" encoding="UTF-8"?>
<Site BuildName="(empty)"
	BuildStamp="20240311-0016-Experimental"
	Name="(empty)"
	Generator="ctest-3.28.3"
	CompilerName=""
	CompilerVersion=""
	OSName="macOS"
	Hostname="Ians-MacBook-Pro-4.local"
	OSRelease="14.2.1"
	OSVersion="23C71"
	OSPlatform="arm64"
	Is64Bits="1"
	VendorString="IBM"
	VendorID="IBM"
	FamilyID="16777228"
	ModelID="2"
	ProcessorCacheSize="131072"
	NumberOfLogicalCPU="10"
	NumberOfPhysicalCPU="10"
	TotalVirtualMemory="0"
	TotalPhysicalMemory="32768"
	LogicalProcessorsPerPhysical="10"
	ProcessorClockFrequency="0"
	>
	<Testing>
		<StartDateTime>Mar 10 20:23 EDT</StartDateTime>
		<StartTestTime>1710116614</StartTestTime>
		<TestList>
			<Test>./test/ExampleTests</Test>
		</TestList>
		<Test Status="passed">
			<Name>ExampleTests</Name>
			<Path>./test</Path>
			<FullName>./test/ExampleTests</FullName>
			<FullCommandLine>/Users/ianfanfair/C++/C-emblem/build/test/ExampleTests</FullCommandLine>
			<Results>
				<NamedMeasurement type="numeric/double" name="Execution Time">
					<Value>0.442314</Value>
				</NamedMeasurement>
				<NamedMeasurement type="numeric/double" name="Processors">
					<Value>1</Value>
				</NamedMeasurement>
				<NamedMeasurement type="text/string" name="Completion Status">
					<Value>Completed</Value>
				</NamedMeasurement>
				<NamedMeasurement type="text/string" name="Command Line">
					<Value>/Users/ianfanfair/C++/C-emblem/build/test/ExampleTests</Value>
				</NamedMeasurement>
				<NamedMeasurement type="text/string" name="Environment">
					<Value>#CTEST_RESOURCE_GROUP_COUNT=</Value>
				</NamedMeasurement>
				<Measurement>
					<Value encoding="base64" compression="gzip">eJyNUMFqwzAMvfsrdGwosbsP6GG0pYexdaTrKYThZmow2HKRnbafv3oOZRkM8vDhYT3pSa/qiQx14LShWQEn9g7UISAHZTSd0jOsVvO5WpXojhad6rzvLH5giAONiQZuVZfYZxol21bUywcaqAafJ0ia7DPw0JuIUtTlAw1srT9qm+tIF8OeHNJdi7Hsz3/Ev2dubtqd83ZB1FAd3uAHzagi1+g8hcg64jb9vOqWfWrI2L1Ma4DZAlwopq2TxRB91LYQ0+6NqLn88lcap/lfisCa5NjnftL7836/WacMslaKb5RQoVk=</Value>
				</Measurement>
			</Results>
		</Test>
		<EndDateTime>Mar 10 20:23 EDT</EndDateTime>
		<EndTestTime>1710116614</EndTestTime>
		<ElapsedMinutes>0</ElapsedMinutes>
	</Testing>
</Site>
